Not Found: /
"GET / HTTP/1.1" 404 2155
"GET /admin/ HTTP/1.1" 302 0
"GET /admin/login/?next=/admin/ HTTP/1.1" 200 1819
"GET /static/admin/css/base.css HTTP/1.1" 304 0
"GET /static/admin/css/responsive.css HTTP/1.1" 304 0
"GET /static/admin/css/login.css HTTP/1.1" 304 0
"GET /static/admin/css/fonts.css HTTP/1.1" 304 0
"GET /static/admin/fonts/Roboto-Regular-webfont.woff HTTP/1.1" 304 0
"GET /static/admin/fonts/Roboto-Light-webfont.woff HTTP/1.1" 304 0
"POST /admin/login/?next=/admin/ HTTP/1.1" 302 0
"GET /admin/ HTTP/1.1" 200 8444
"GET /static/admin/css/dashboard.css HTTP/1.1" 304 0
"GET /static/admin/img/icon-addlink.svg HTTP/1.1" 304 0
"GET /static/admin/img/icon-changelink.svg HTTP/1.1" 304 0
"GET /static/admin/fonts/Roboto-Bold-webfont.woff HTTP/1.1" 304 0
"GET /admin/oauth2_provider/application/ HTTP/1.1" 200 7540
"GET /static/admin/css/changelists.css HTTP/1.1" 304 0
"GET /admin/jsi18n/ HTTP/1.1" 200 3185
"GET /static/admin/js/core.js HTTP/1.1" 304 0
"GET /static/admin/js/urlify.js HTTP/1.1" 304 0
"GET /static/admin/js/prepopulate.js HTTP/1.1" 304 0
"GET /static/admin/js/vendor/xregexp/xregexp.js HTTP/1.1" 304 0
"GET /static/admin/js/vendor/jquery/jquery.js HTTP/1.1" 304 0
"GET /static/admin/js/jquery.init.js HTTP/1.1" 304 0
"GET /static/admin/js/admin/RelatedObjectLookups.js HTTP/1.1" 304 0
"GET /static/admin/js/actions.js HTTP/1.1" 304 0
"GET /static/admin/img/tooltag-add.svg HTTP/1.1" 304 0
"GET /admin/oauth2_provider/application/2/change/ HTTP/1.1" 200 9832
"GET /static/admin/css/forms.css HTTP/1.1" 304 0
"GET /admin/jsi18n/ HTTP/1.1" 200 3185
"GET /static/admin/js/change_form.js HTTP/1.1" 304 0
"GET /static/admin/js/prepopulate_init.js HTTP/1.1" 304 0
"GET /static/admin/css/widgets.css HTTP/1.1" 304 0
"GET /static/admin/img/tooltag-arrowright.svg HTTP/1.1" 304 0
"GET /static/admin/img/search.svg HTTP/1.1" 304 0
"GET /o/authorize?response_type=code&client_id=0mh1mikCHDta2acmMmHHI8XiJ07pPhdahQgZSloS&state=random_state_string HTTP/1.1" 301 0
"GET /o/authorize/?response_type=code&client_id=0mh1mikCHDta2acmMmHHI8XiJ07pPhdahQgZSloS&state=random_state_string HTTP/1.1" 302 0
Not Found: /accounts/login/
"GET /accounts/login/?next=/o/authorize/%3Fresponse_type%3Dcode%26client_id%3D0mh1mikCHDta2acmMmHHI8XiJ07pPhdahQgZSloS%26state%3Drandom_state_string HTTP/1.1" 404 2345
Not Found: /accounts/login/
"GET /accounts/login/?next=/o/authorize/%3Fresponse_type%3Dcode%26client_id%3D0mh1mikCHDta2acmMmHHI8XiJ07pPhdahQgZSloS%26state%3Drandom_state_string HTTP/1.1" 404 2345
Not Found: /login/
"GET /login/?next=/o/authorize/%3Fresponse_type%3Dcode%26client_id%3D0mh1mikCHDta2acmMmHHI8XiJ07pPhdahQgZSloS%26state%3Drandom_state_string HTTP/1.1" 404 2318
"GET /admin/logout/ HTTP/1.1" 302 0
"GET /admin/ HTTP/1.1" 302 0
"GET /admin/login/?next=/admin/ HTTP/1.1" 200 1819
"GET /static/admin/css/base.css HTTP/1.1" 304 0
"GET /static/admin/css/login.css HTTP/1.1" 304 0
"GET /static/admin/css/responsive.css HTTP/1.1" 304 0
"GET /static/admin/css/fonts.css HTTP/1.1" 304 0
"GET /static/admin/fonts/Roboto-Regular-webfont.woff HTTP/1.1" 304 0
"GET /static/admin/fonts/Roboto-Light-webfont.woff HTTP/1.1" 304 0
"GET /admin/login/?next=/o/authorize/%3Fresponse_type%3Dcode%26client_id%3D0mh1mikCHDta2acmMmHHI8XiJ07pPhdahQgZSloS%26state%3Drandom_state_string HTTP/1.1" 200 2043
"POST /admin/login/?next=/o/authorize/%3Fresponse_type%3Dcode%26client_id%3D0mh1mikCHDta2acmMmHHI8XiJ07pPhdahQgZSloS%26state%3Drandom_state_string HTTP/1.1" 200 2204
"GET /static/admin/fonts/Roboto-Bold-webfont.woff HTTP/1.1" 304 0
"POST /admin/login/?next=/o/authorize/%3Fresponse_type%3Dcode%26client_id%3D0mh1mikCHDta2acmMmHHI8XiJ07pPhdahQgZSloS%26state%3Drandom_state_string HTTP/1.1" 302 0
"GET /o/authorize/?response_type=code&client_id=0mh1mikCHDta2acmMmHHI8XiJ07pPhdahQgZSloS&state=random_state_string HTTP/1.1" 302 0
Not Found: /external_app/
"GET /external_app/?code=05uE3Q9KnAhFO7JbZKq1fSnJsLmA81&state=random_state_string HTTP/1.1" 404 2278
"GET /o/authorize?response_type=code&client_id=0mh1mikCHDta2acmMmHHI8XiJ07pPhdahQgZSloS&state=random_state_string HTTP/1.1" 301 0
"GET /o/authorize/?response_type=code&client_id=0mh1mikCHDta2acmMmHHI8XiJ07pPhdahQgZSloS&state=random_state_string HTTP/1.1" 302 0
Not Found: /accounts/login/
"GET /accounts/login/?next=/o/authorize/%3Fresponse_type%3Dcode%26client_id%3D0mh1mikCHDta2acmMmHHI8XiJ07pPhdahQgZSloS%26state%3Drandom_state_string HTTP/1.1" 404 2345
"GET /admin/ HTTP/1.1" 200 8444
"GET /static/admin/css/dashboard.css HTTP/1.1" 304 0
"GET /static/admin/css/fonts.css HTTP/1.1" 304 0
"GET /static/admin/img/icon-addlink.svg HTTP/1.1" 304 0
"GET /static/admin/img/icon-changelink.svg HTTP/1.1" 304 0
"GET /static/admin/fonts/Roboto-Light-webfont.woff HTTP/1.1" 304 0
"GET /static/admin/fonts/Roboto-Bold-webfont.woff HTTP/1.1" 304 0
"GET /static/admin/fonts/Roboto-Regular-webfont.woff HTTP/1.1" 304 0
"GET /admin/oauth2_provider/application/ HTTP/1.1" 200 7540
"GET /static/admin/js/jquery.init.js HTTP/1.1" 304 0
"GET /static/admin/css/changelists.css HTTP/1.1" 304 0
"GET /static/admin/js/vendor/jquery/jquery.js HTTP/1.1" 304 0
"GET /admin/jsi18n/ HTTP/1.1" 200 3185
"GET /static/admin/js/core.js HTTP/1.1" 304 0
"GET /static/admin/js/urlify.js HTTP/1.1" 304 0
"GET /static/admin/js/actions.js HTTP/1.1" 304 0
"GET /static/admin/js/prepopulate.js HTTP/1.1" 304 0
"GET /static/admin/js/admin/RelatedObjectLookups.js HTTP/1.1" 304 0
"GET /static/admin/js/vendor/xregexp/xregexp.js HTTP/1.1" 304 0
"GET /static/admin/img/tooltag-add.svg HTTP/1.1" 304 0
"GET /admin/oauth2_provider/application/2/change/ HTTP/1.1" 200 9832
"GET /static/admin/css/forms.css HTTP/1.1" 304 0
"GET /static/admin/js/prepopulate_init.js HTTP/1.1" 304 0
"GET /static/admin/js/change_form.js HTTP/1.1" 304 0
"GET /admin/jsi18n/ HTTP/1.1" 200 3185
"GET /static/admin/css/widgets.css HTTP/1.1" 304 0
"GET /static/admin/img/tooltag-arrowright.svg HTTP/1.1" 304 0
"GET /static/admin/img/search.svg HTTP/1.1" 304 0
"POST /admin/oauth2_provider/application/2/change/ HTTP/1.1" 302 0
"GET /admin/oauth2_provider/application/ HTTP/1.1" 200 7746
"GET /admin/jsi18n/ HTTP/1.1" 200 3185
"GET /static/admin/img/icon-yes.svg HTTP/1.1" 304 0
"GET /admin/oauth2_provider/application/2/change/ HTTP/1.1" 200 9824
"GET /admin/jsi18n/ HTTP/1.1" 200 3185
"GET /o/authorize?response_type=code&client_id=0mh1mikCHDta2acmMmHHI8XiJ07pPhdahQgZSloS&state=random_state_string HTTP/1.1" 301 0
"GET /o/authorize/?response_type=code&client_id=0mh1mikCHDta2acmMmHHI8XiJ07pPhdahQgZSloS&state=random_state_string HTTP/1.1" 302 0
Not Found: /accounts/login/
"GET /accounts/login/?next=/o/authorize/%3Fresponse_type%3Dcode%26client_id%3D0mh1mikCHDta2acmMmHHI8XiJ07pPhdahQgZSloS%26state%3Drandom_state_string HTTP/1.1" 404 2345
"GET /o/authorize?response_type=code&client_id=0mh1mikCHDta2acmMmHHI8XiJ07pPhdahQgZSloS&state=random_state_string HTTP/1.1" 301 0
"GET /o/authorize/?response_type=code&client_id=0mh1mikCHDta2acmMmHHI8XiJ07pPhdahQgZSloS&state=random_state_string HTTP/1.1" 302 0
Not Found: /accounts/login/
"GET /accounts/login/?next=/o/authorize/%3Fresponse_type%3Dcode%26client_id%3D0mh1mikCHDta2acmMmHHI8XiJ07pPhdahQgZSloS%26state%3Drandom_state_string HTTP/1.1" 404 2345
"GET /o/authorize?response_type=code&client_id=0mh1mikCHDta2acmMmHHI8XiJ07pPhdahQgZSloS&state=random_state_string HTTP/1.1" 301 0
"GET /o/authorize/?response_type=code&client_id=0mh1mikCHDta2acmMmHHI8XiJ07pPhdahQgZSloS&state=random_state_string HTTP/1.1" 200 3160
"POST /o/authorize/?response_type=code&client_id=0mh1mikCHDta2acmMmHHI8XiJ07pPhdahQgZSloS&state=random_state_string HTTP/1.1" 302 0
Not Found: /external_app/
"GET /external_app/?code=WVSdBZrP7jvcIDCr9cVltnTWLwxNPR&state=random_state_string HTTP/1.1" 404 2387
Bad Request: /o/token/
"POST /o/token/?code=WVSdBZrP7jvcIDCr9cVltnTWLwxNPR&state=test&client_id=0mh1mikCHDta2acmMmHHI8XiJ07pPhdahQgZSloS&client_secret=lFdK0LM5UHADtfufmJrzSlzjGHCFeUbxNZCASPX1XtuhtWeM9mxDmUcZUd43iEV7HWjj2v6sU6muaNLO6OIoiwmiBUzBseYVNGnrE21AmsZEaNpxirCqusRmovv3NLs7&grant_type=authorization_code&redirect_uri=http://localhost:2000/external_app/ HTTP/1.1" 400 95
Bad Request: /o/token/
"POST /o/token/?code=WVSdBZrP7jvcIDCr9cVltnTWLwxNPR&state=test&client_id=0mh1mikCHDta2acmMmHHI8XiJ07pPhdahQgZSloS&client_secret=lFdK0LM5UHADtfufmJrzSlzjGHCFeUbxNZCASPX1XtuhtWeM9mxDmUcZUd43iEV7HWjj2v6sU6muaNLO6OIoiwmiBUzBseYVNGnrE21AmsZEaNpxirCqusRmovv3NLs7&grant_type=authorization_code&redirect_uri=http://localhost:8030/external_app/ HTTP/1.1" 400 43
"GET /admin/ HTTP/1.1" 200 8444
"GET /static/admin/css/base.css HTTP/1.1" 200 16225
"GET /static/admin/css/dashboard.css HTTP/1.1" 200 412
"GET /static/admin/css/responsive.css HTTP/1.1" 200 17976
"GET /static/admin/css/fonts.css HTTP/1.1" 200 423
"GET /static/admin/img/icon-addlink.svg HTTP/1.1" 200 331
"GET /static/admin/img/icon-changelink.svg HTTP/1.1" 200 380
"GET /static/admin/fonts/Roboto-Light-webfont.woff HTTP/1.1" 200 81348
"GET /static/admin/fonts/Roboto-Bold-webfont.woff HTTP/1.1" 200 82564
"GET /static/admin/fonts/Roboto-Regular-webfont.woff HTTP/1.1" 200 80304
"GET /admin/oauth2_provider/application/ HTTP/1.1" 200 7540
"GET /static/admin/css/changelists.css HTTP/1.1" 200 6170
"GET /static/admin/js/admin/RelatedObjectLookups.js HTTP/1.1" 200 6918
"GET /static/admin/js/jquery.init.js HTTP/1.1" 200 363
"GET /static/admin/js/core.js HTTP/1.1" 200 7134
"GET /admin/jsi18n/ HTTP/1.1" 200 3185
"GET /static/admin/js/vendor/jquery/jquery.js HTTP/1.1" 200 271751
"GET /static/admin/js/prepopulate.js HTTP/1.1" 200 1530
"GET /static/admin/js/actions.js HTTP/1.1" 200 6538
"GET /static/admin/js/urlify.js HTTP/1.1" 200 8972
"GET /static/admin/js/vendor/xregexp/xregexp.js HTTP/1.1" 200 128820
"GET /static/admin/img/tooltag-add.svg HTTP/1.1" 200 331
"GET /admin/oauth2_provider/application/2/change/ HTTP/1.1" 200 9824
"GET /static/admin/css/forms.css HTTP/1.1" 200 8505
"GET /static/admin/js/change_form.js HTTP/1.1" 200 712
"GET /static/admin/js/prepopulate_init.js HTTP/1.1" 200 495
"GET /admin/jsi18n/ HTTP/1.1" 200 3185
"GET /static/admin/css/widgets.css HTTP/1.1" 200 10340
"GET /static/admin/img/tooltag-arrowright.svg HTTP/1.1" 200 280
"GET /static/admin/img/search.svg HTTP/1.1" 200 458
Bad Request: /o/token/
"POST /o/token/?code=WVSdBZrP7jvcIDCr9cVltnTWLwxNPR&state=test&client_id=0mh1mikCHDta2acmMmHHI8XiJ07pPhdahQgZSloS&client_secret=lFdK0LM5UHADtfufmJrzSlzjGHCFeUbxNZCASPX1XtuhtWeM9mxDmUcZUd43iEV7HWjj2v6sU6muaNLO6OIoiwmiBUzBseYVNGnrE21AmsZEaNpxirCqusRmovv3NLs7&grant_type=authorization_code&redirect_uri=http://localhost:8030/external_app/ HTTP/1.1" 400 43
"GET /o/authorize?response_type=code&client_id=0mh1mikCHDta2acmMmHHI8XiJ07pPhdahQgZSloS&state=random_state_string HTTP/1.1" 301 0
"GET /o/authorize/?response_type=code&client_id=0mh1mikCHDta2acmMmHHI8XiJ07pPhdahQgZSloS&state=random_state_string HTTP/1.1" 200 3160
"POST /o/authorize/?response_type=code&client_id=0mh1mikCHDta2acmMmHHI8XiJ07pPhdahQgZSloS&state=random_state_string HTTP/1.1" 302 0
Not Found: /external_app/
"GET /external_app/?code=OQ7XgDmJocjDq3VQcithJb0d5fKX48&state=random_state_string HTTP/1.1" 404 2387
"POST /o/token/?code=OQ7XgDmJocjDq3VQcithJb0d5fKX48&state=test&client_id=0mh1mikCHDta2acmMmHHI8XiJ07pPhdahQgZSloS&client_secret=lFdK0LM5UHADtfufmJrzSlzjGHCFeUbxNZCASPX1XtuhtWeM9mxDmUcZUd43iEV7HWjj2v6sU6muaNLO6OIoiwmiBUzBseYVNGnrE21AmsZEaNpxirCqusRmovv3NLs7&grant_type=authorization_code&redirect_uri=http://localhost:8030/external_app/ HTTP/1.1" 200 199
